<?xml version="1.0" encoding="UTF-8"?>
<!-- Generated by org.testng.reporters.JUnitReportReporter -->
<testsuite hostname="DESKTOP-RKV6N2J" failures="0" tests="1" name="Test1" time="90.415" errors="0" timestamp="2023-03-22T21:47:32 GMT" skipped="0">
  <testcase classname="Test1" name="launchApplication" time="90.415"/>
  <system-out/>
</testsuite> <!-- Test1 -->
